number,value,datetime_start,datetime_complete,duration,params_max_depth,params_max_features,params_max_samples,params_min_samples_leaf,params_n_estimators,user_attrs_scores_anuais,state
0,0.07336556846812578,2026-09-22 17:00:53.182399,2026-09-22 17:00:55.576059,0 days 00:00:02.393660,2.0,0.5,0.9879639408647978,16,250,"{'2021': 0.08466585359234086, '2022': 0.0809479406522779, '2023': 0.07782983189381663, '2024': 0.06125877995757996, '2025': 0.06212543624461354}",COMPLETE
1,0.07289978407755594,2026-09-22 17:00:55.576224,2026-09-22 17:01:00.136332,0 days 00:00:04.560108,8.0,1.0,0.7465447373174767,17,450,"{'2021': 0.08645806571783364, '2022': 0.0834952674318029, '2023': 0.07624381509839888, '2024': 0.06023612826449674, '2025': 0.05806564387524753}",COMPLETE
2,0.07489733773774823,2026-09-22 17:01:00.136442,2026-09-22 17:01:03.050058,0 days 00:00:02.913616,2.0,1.0,0.9233589392465844,2,300,"{'2021': 0.08339784716130447, '2022': 0.08808903345645361, '2023': 0.08462930876844883, '2024': 0.06109557937260204, '2025': 0.057274919929932284}",COMPLETE
3,0.07985015048732878,2026-09-22 17:01:03.050171,2026-09-22 17:01:05.745790,0 days 00:00:02.695619,,0.5,0.8080272084711243,4,250,"{'2021': 0.09385341710989167, '2022': 0.08939263147048018, '2023': 0.08109100352459478, '2024': 0.06196834624479515, '2025': 0.0729453540868822}",COMPLETE
4,0.07247290841279845,2026-09-22 17:01:05.745898,2026-09-22 17:01:09.043589,0 days 00:00:03.297691,3.0,0.5,0.7301321323053057,2,350,"{'2021': 0.08536687010723111, '2022': 0.08097082788557353, '2023': 0.07716628943010728, '2024': 0.05949831665942112, '2025': 0.05936223798165922}",COMPLETE
5,0.07240314377242878,2026-09-22 17:01:09.043756,2026-09-22 17:01:11.895178,0 days 00:00:02.851422,3.0,0.5,0.679486272613669,2,300,"{'2021': 0.08519608622449448, '2022': 0.08094733074556629, '2023': 0.07723915540346046, '2024': 0.05949946166121278, '2025': 0.059133684827409896}",COMPLETE
6,0.07333217586419748,2026-09-22 17:01:11.895283,2026-09-22 17:01:13.406872,0 days 00:00:01.511589,2.0,0.5,0.6254233401144095,47,150,"{'2021': 0.08584756694023225, '2022': 0.08096533843589065, '2023': 0.07645284562846345, '2024': 0.06088396922479386, '2025': 0.06251115909160714}",COMPLETE
7,0.07198830781309522,2026-09-22 17:01:13.406976,2026-09-22 17:01:15.945485,0 days 00:00:02.538509,6.0,1.0,0.7975182385457563,31,250,"{'2021': 0.08484576374237245, '2022': 0.08311369237717363, '2023': 0.07623863786773782, '2024': 0.05884904364554176, '2025': 0.056894401432650454}",COMPLETE
8,0.07226745664408915,2026-09-22 17:01:15.945590,2026-09-22 17:01:19.333194,0 days 00:00:03.387604,8.0,1.0,0.9022204554172195,56,350,"{'2021': 0.08566046936091304, '2022': 0.08381826034162207, '2023': 0.07727045535711381, '2024': 0.058070087134856736, '2025': 0.05651801102594013}",COMPLETE
9,0.07194122787352861,2026-09-22 17:01:19.333303,2026-09-22 17:01:21.358727,0 days 00:00:02.025424,6.0,1.0,0.8157368967662603,37,200,"{'2021': 0.08487040101696047, '2022': 0.0834969338266989, '2023': 0.0765703868064018, '2024': 0.05826386215185622, '2025': 0.05650455556572566}",COMPLETE
10,0.0728257820493732,2026-09-22 17:01:21.358921,2026-09-22 17:01:26.424133,0 days 00:00:05.065212,6.0,1.0,0.8607466203112714,7,500,"{'2021': 0.08593411783416109, '2022': 0.08463359254498821, '2023': 0.07670073394356001, '2024': 0.05912680118846151, '2025': 0.05773366473569519}",COMPLETE
11,0.07195255317955834,2026-09-22 17:01:26.424245,2026-09-22 17:01:28.024927,0 days 00:00:01.600682,6.0,1.0,0.8106368221577908,26,150,"{'2021': 0.08502257304469535, '2022': 0.08306008855542497, '2023': 0.07614178960591608, '2024': 0.05877988561584604, '2025': 0.05675842907590926}",COMPLETE
12,0.0715307275560477,2026-09-22 17:01:28.025041,2026-09-22 17:01:29.635794,0 days 00:00:01.610753,4.0,1.0,0.8213591623042158,22,150,"{'2021': 0.08339510307429353, '2022': 0.08417390870720248, '2023': 0.07713860178888995, '2024': 0.05694867525417007, '2025': 0.055997348955682404}",COMPLETE
13,0.07218895355974395,2026-09-22 17:01:29.635935,2026-09-22 17:01:31.252453,0 days 00:00:01.616518,4.0,1.0,0.8585225656064313,79,150,"{'2021': 0.08578114240253704, '2022': 0.08470578401983199, '2023': 0.07697931733396796, '2024': 0.05820050115678346, '2025': 0.0552780228855993}",COMPLETE
14,0.07169460583719463,2026-09-22 17:01:31.252570,2026-09-22 17:01:33.295458,0 days 00:00:02.042888,4.0,1.0,0.7390533721986331,10,200,"{'2021': 0.08330431652188115, '2022': 0.08455802244374579, '2023': 0.07742038427105122, '2024': 0.056934793378745865, '2025': 0.056255512570549136}",COMPLETE
15,0.0716771536636929,2026-09-22 17:01:33.295653,2026-09-22 17:01:35.379236,0 days 00:00:02.083583,4.0,1.0,0.7378423507455648,8,200,"{'2021': 0.08337161777915826, '2022': 0.08455365906052023, '2023': 0.07735180727759648, '2024': 0.05694047272734051, '2025': 0.05616821147384897}",COMPLETE
16,0.07733329197301711,2026-09-22 17:01:35.379371,2026-09-22 17:01:37.621802,0 days 00:00:02.242431,12.0,1.0,0.6777999557805736,6,200,"{'2021': 0.09142897035368225, '2022': 0.0879381740453737, '2023': 0.07991122326365399, '2024': 0.06294532391025152, '2025': 0.06444276829212406}",COMPLETE
17,0.07157938898053051,2026-09-22 17:01:37.621913,2026-09-22 17:01:39.176616,0 days 00:00:01.554703,4.0,1.0,0.6030263954029285,15,150,"{'2021': 0.08356227730249265, '2022': 0.08395097650853375, '2023': 0.07727219024243269, '2024': 0.05694855972883882, '2025': 0.05616294112035464}",COMPLETE
18,0.0716801398344417,2026-09-22 17:01:39.176732,2026-09-22 17:01:40.795939,0 days 00:00:01.619207,4.0,1.0,0.6367304121760936,16,150,"{'2021': 0.08357651657779411, '2022': 0.08411660640104485, '2023': 0.07731231556403649, '2024': 0.05698113289142333, '2025': 0.05641412773790977}",COMPLETE
19,0.07170382394872149,2026-09-22 17:01:40.796069,2026-09-22 17:01:42.351626,0 days 00:00:01.555557,4.0,1.0,0.6065600656227559,12,150,"{'2021': 0.08361192663159833, '2022': 0.08427071034649172, '2023': 0.07738070151512592, '2024': 0.056992116473381885, '2025': 0.056263664777009635}",COMPLETE
20,0.07295070896897639,2026-09-22 17:01:42.351813,2026-09-22 17:01:44.571039,0 days 00:00:02.219226,,1.0,0.9839102311556845,23,200,"{'2021': 0.0866863351564177, '2022': 0.08358661407025392, '2023': 0.07554302434615859, '2024': 0.06058745020096916, '2025': 0.05835012107108254}",COMPLETE
21,0.07170012663637663,2026-09-22 17:01:44.571147,2026-09-22 17:01:46.571382,0 days 00:00:02.000235,4.0,1.0,0.6850521451721231,9,200,"{'2021': 0.08350594186992782, '2022': 0.08436465792012708, '2023': 0.07724820407161925, '2024': 0.05713923749825322, '2025': 0.05624259182195581}",COMPLETE
22,0.07161270765027025,2026-09-22 17:01:46.571499,2026-09-22 17:01:49.144231,0 days 00:00:02.572732,4.0,1.0,0.7643344271714652,6,250,"{'2021': 0.08325066850641526, '2022': 0.08409803744758883, '2023': 0.07735581000115915, '2024': 0.057094831346219725, '2025': 0.0562641909499683}",COMPLETE
23,0.07164834569169999,2026-09-22 17:01:49.144347,2026-09-22 17:01:52.146138,0 days 00:00:03.001791,4.0,1.0,0.7727858805731752,5,300,"{'2021': 0.08313659724129313, '2022': 0.08423855857891362, '2023': 0.0772264905622813, '2024': 0.0572934087564297, '2025': 0.05634667331958223}",COMPLETE
24,0.07981339820150002,2026-09-22 17:01:52.146253,2026-09-22 17:01:56.901361,0 days 00:00:04.755108,12.0,1.0,0.8710873915492856,4,400,"{'2021': 0.09385310750089214, '2022': 0.08753282142266348, '2023': 0.08280297702302031, '2024': 0.06509143147034985, '2025': 0.06978665359057432}",COMPLETE
25,0.0716822299679888,2026-09-22 17:01:56.901544,2026-09-22 17:01:59.446063,0 days 00:00:02.544519,4.0,1.0,0.934214967159693,13,250,"{'2021': 0.08286449311422148, '2022': 0.08440332335724891, '2023': 0.07748044108781763, '2024': 0.05722389638878472, '2025': 0.05643899589187122}",COMPLETE
26,0.07143285545943139,2026-09-22 17:01:59.446175,2026-09-22 17:02:01.026761,0 days 00:00:01.580586,4.0,0.5,0.7021605632102004,3,150,"{'2021': 0.08559576002249589, '2022': 0.0812419479987903, '2023': 0.07605668444316106, '2024': 0.05735909706491646, '2025': 0.05691078776779323}",COMPLETE
27,0.07144087450236437,2026-09-22 17:02:01.026877,2026-09-22 17:02:02.582343,0 days 00:00:01.555466,4.0,0.5,0.7032956171134614,3,150,"{'2021': 0.08528660412293129, '2022': 0.08108612457030157, '2023': 0.07633727168562994, '2024': 0.057365078172273126, '2025': 0.05712929396068593}",COMPLETE
28,0.0713975003431827,2026-09-22 17:02:02.582454,2026-09-22 17:02:04.140311,0 days 00:00:01.557857,4.0,0.5,0.7047788912373731,3,150,"{'2021': 0.08535579650340905, '2022': 0.0809818643679265, '2023': 0.07603814660576301, '2024': 0.057410919337473026, '2025': 0.057200774901341844}",COMPLETE
29,0.0787013778843385,2026-09-22 17:02:04.140423,2026-09-22 17:02:06.381658,0 days 00:00:02.241235,12.0,0.5,0.6995779135100955,3,200,"{'2021': 0.09382341331175818, '2022': 0.08676283724244581, '2023': 0.08110926542218411, '2024': 0.061320026237649705, '2025': 0.0704913472076547}",COMPLETE
